<?xml version="1.0" encoding="UTF-8"?>
<!-- Generated by org.testng.reporters.JUnitReportReporter -->
<testsuite hostname="DESKTOP-EG-001" failures="0" tests="7" name="uxlTests.testCases" time="28.205" errors="0" timestamp="2024-08-18T08:37:15 EEST" skipped="0">
  <testcase classname="uxlTests.testCases" name="TC_001" time="1.859"/>
  <system-out/>
  <testcase classname="uxlTests.testCases" name="TC_002" time="4.711"/>
  <system-out/>
  <testcase classname="uxlTests.testCases" name="TC_003" time="6.409"/>
  <system-out/>
  <testcase classname="uxlTests.testCases" name="TC_004" time="5.958"/>
  <system-out/>
  <testcase classname="uxlTests.testCases" name="TC_005" time="4.497"/>
  <system-out/>
  <testcase classname="uxlTests.testCases" name="TC_006" time="4.769"/>
  <system-out/>
  <testcase classname="uxlTests.testCases" name="TC_007" time="0.002"/>
  <system-out/>
</testsuite> <!-- uxlTests.testCases -->
