<?xml version="1.0" encoding="UTF-8"?>
<!-- Generated by org.testng.reporters.JUnitReportReporter -->
<testsuite hostname="DESKTOP-EG-001" failures="0" tests="1" name="uxlTests.testBase" time="0.022" errors="0" timestamp="2024-08-10T18:46:00 EEST" skipped="0">
  <testcase classname="uxlTests.testBase" name="f" time="0.022"/>
  <system-out/>
</testsuite> <!-- uxlTests.testBase -->
